[debug] [2018-09-25T19:35:18.479Z] ----------------------------------------------------------------------
[debug] [2018-09-25T19:35:18.495Z] Command:       C:\Program Files\nodejs\node.exe C:\Users\hugo.miranda\AppData\Roaming\npm\node_modules\firebase-tools\bin\firebase serve
[debug] [2018-09-25T19:35:18.495Z] CLI Version:   4.2.1
[debug] [2018-09-25T19:35:18.495Z] Platform:      win32
[debug] [2018-09-25T19:35:18.495Z] Node Version:  v8.11.3
[debug] [2018-09-25T19:35:18.495Z] Time:          Tue Sep 25 2018 14:35:18 GMT-0500 (Central Daylight Time (Mexico))
[debug] [2018-09-25T19:35:18.495Z] ----------------------------------------------------------------------
[debug] 
[debug] [2018-09-25T19:35:18.511Z] > command requires scopes: ["email","openid","https://www.googleapis.com/auth/cloudplatformprojects.readonly","https://www.googleapis.com/auth/firebase","https://www.googleapis.com/auth/cloud-platform"]
[debug] [2018-09-25T19:35:18.526Z] > authorizing via signed-in user
[debug] [2018-09-25T19:35:18.530Z] > refreshing access token with scopes: ["email","https://www.googleapis.com/auth/cloud-platform","https://www.googleapis.com/auth/cloudplatformprojects.readonly","https://www.googleapis.com/auth/firebase","openid"]
[debug] [2018-09-25T19:35:18.530Z] >>> HTTP REQUEST POST https://www.googleapis.com/oauth2/v3/token  

[debug] [2018-09-25T19:35:19.313Z] <<< HTTP RESPONSE 200
[debug] [2018-09-25T19:35:19.344Z] >>> HTTP REQUEST GET https://admin.firebase.com/v1/projects/forcefitnessclub-128df  
 
[debug] [2018-09-25T19:35:19.886Z] <<< HTTP RESPONSE 200
[debug] [2018-09-25T19:35:19.886Z] >>> HTTP REQUEST GET https://cloudresourcemanager.googleapis.com/v1/projects/forcefitnessclub-128df  
 
[debug] [2018-09-25T19:35:21.010Z] <<< HTTP RESPONSE 200
[info] 
[info] === Serving from 'C:\Users\hugo.miranda\Documents\Project\xd-mentories\miranda_hugo\ForceFitnessClub'...
[info] 
[debug] [2018-09-25T19:35:21.015Z] >>> HTTP REQUEST GET https://mobilesdk-pa.googleapis.com/v1/projects/275800715940/clients/_:getWebAppConfig  
 
[debug] [2018-09-25T19:35:21.864Z] <<< HTTP RESPONSE 200
[info] i  hosting[forcefitnessclub-128df]: Serving hosting files from: public
[info] +  hosting[forcefitnessclub-128df]: Local server: http://localhost:5000
[debug] [2018-09-25T20:48:59.920Z] Error: read ECONNRESET
    at _errnoException (util.js:992:11)
    at TLSWrap.onread (net.js:618:25)
[error] 
[error] Error: An unexpected error has occurred.
[debug] [2018-09-25T20:49:20.836Z] ----------------------------------------------------------------------
[debug] [2018-09-25T20:49:20.839Z] Command:       C:\Program Files\nodejs\node.exe C:\Users\hugo.miranda\AppData\Roaming\npm\node_modules\firebase-tools\bin\firebase serve
[debug] [2018-09-25T20:49:20.839Z] CLI Version:   4.2.1
[debug] [2018-09-25T20:49:20.840Z] Platform:      win32
[debug] [2018-09-25T20:49:20.840Z] Node Version:  v8.11.3
[debug] [2018-09-25T20:49:20.844Z] Time:          Tue Sep 25 2018 15:49:20 GMT-0500 (Central Daylight Time (Mexico))
[debug] [2018-09-25T20:49:20.844Z] ----------------------------------------------------------------------
[debug] 
[debug] [2018-09-25T20:49:20.867Z] > command requires scopes: ["email","openid","https://www.googleapis.com/auth/cloudplatformprojects.readonly","https://www.googleapis.com/auth/firebase","https://www.googleapis.com/auth/cloud-platform"]
[debug] [2018-09-25T20:49:20.868Z] > authorizing via signed-in user
[debug] [2018-09-25T20:49:20.871Z] > refreshing access token with scopes: ["email","https://www.googleapis.com/auth/cloud-platform","https://www.googleapis.com/auth/cloudplatformprojects.readonly","https://www.googleapis.com/auth/firebase","openid"]
[debug] [2018-09-25T20:49:20.871Z] >>> HTTP REQUEST POST https://www.googleapis.com/oauth2/v3/token  

[debug] [2018-09-25T20:49:21.723Z] <<< HTTP RESPONSE 200
[debug] [2018-09-25T20:49:21.759Z] >>> HTTP REQUEST GET https://admin.firebase.com/v1/projects/forcefitnessclub-128df  
 
[debug] [2018-09-25T20:49:22.311Z] <<< HTTP RESPONSE 200
[debug] [2018-09-25T20:49:22.312Z] >>> HTTP REQUEST GET https://cloudresourcemanager.googleapis.com/v1/projects/forcefitnessclub-128df  
 
[debug] [2018-09-25T20:49:23.576Z] <<< HTTP RESPONSE 200
[info] 
[info] === Serving from 'C:\Users\hugo.miranda\Documents\Project\xd-mentories\miranda_hugo\ForceFitnessClub'...
[info] 
[debug] [2018-09-25T20:49:23.586Z] >>> HTTP REQUEST GET https://mobilesdk-pa.googleapis.com/v1/projects/275800715940/clients/_:getWebAppConfig  
 
[debug] [2018-09-25T20:49:24.423Z] <<< HTTP RESPONSE 200
[info] i  hosting[forcefitnessclub-128df]: Serving hosting files from: public
[info] +  hosting[forcefitnessclub-128df]: Local server: http://localhost:5000
